<?xml version="1.0" encoding="utf-8"?><testsuites name="pytest tests"><testsuite name="pytest" errors="0" failures="0" skipped="0" tests="13" time="1.761" timestamp="2026-02-04T16:01:21.084559+01:00" hostname="PC_NADJIDE"><testcase classname="tests.test_bf_functional" name="test_bf2_resources_exposed" time="0.115" /><testcase classname="tests.test_bf_functional" name="test_bf3_create_user" time="0.037" /><testcase classname="tests.test_bf_functional" name="test_bf4_create_boat" time="0.050" /><testcase classname="tests.test_bf_functional" name="test_bf5_create_trip" time="0.106" /><testcase classname="tests.test_bf_functional" name="test_bf6_create_reservation" time="0.075" /><testcase classname="tests.test_bf_functional" name="test_bf7_create_logbook" time="0.059" /><testcase classname="tests.test_bf_functional" name="test_bf9_delete_boat" time="0.106" /><testcase classname="tests.test_bf_functional" name="test_bf14_update_boat" time="0.101" /><testcase classname="tests.test_bf_functional" name="test_bf21_filter_boats_by_user" time="0.104" /><testcase classname="tests.test_bf_functional" name="test_bf24_filter_boats_by_bounding_box" time="0.074" /><testcase classname="tests.test_bf_functional" name="test_bf25_business_error_codes" time="0.053" /><testcase classname="tests.test_bf_functional" name="test_bf26_prevent_trip_creation_without_boat" time="0.035" /><testcase classname="tests.test_bf_functional" name="test_bf27_prevent_boat_creation_without_license" time="0.043" /></testsuite></testsuites>